2025-08-28 22:24:37 | INFO | __main__:30 | Logger loaded.
2025-08-28 22:24:37 | INFO | __main__:119 | STARTING main()..
2025-08-28 22:24:37 | INFO | __main__:120 | Byline:

***********************************************
Analytics for Teachers - Project Header
***********************************************
Author:                     Stacey Olson
Motto:                      Because they are busy enough.
Location:                   Santa Rosa, CA
Years Active:               5
Number of Employees:        25
Accepting New Clients?:     True
Remote Workshops?:          True
Services:                   ['Student Data Analysis', 'Curriculum Insights', 'Classroom Dashboards', 'Survey Analytics', 'Professional Development Reports']
Office Locations:           ['Santa Rosa', 'Windsor', 'Petaluma']
Client Satisfaction Scores: [4.8, 4.6, 4.9, 5.0, 4.7]
Minimum Satisfaction Score: 4.6
Maximum Satisfaction Score: 5.0
Mean Satisfaction Score:    4.80
Standard Deviation:         0.16
***********************************************

2025-08-28 22:24:37 | INFO | __main__:131 | This module is organized like all Python modules.
2025-08-28 22:24:37 | INFO | __main__:132 | We write professional Python from the start.
2025-08-28 22:24:37 | INFO | __main__:133 | END main()...
